#
# A fatal error has been detected by the Java Runtime Environment:
#
#  Internal Error (javaCalls.cpp:51), pid=16152, tid=0x000000000000376c
#  guarantee(thread->is_Java_thread()) failed: crucial check - the VM thread cannot and must not escape to Java code
#
# JRE version: OpenJDK Runtime Environment (8.0_192-b01) (build 1.8.0_192-b01)
# Java VM: OpenJDK 64-Bit Server VM (25.192-b01 mixed mode windows-amd64 compressed oops)
# Failed to write core dump. Minidumps are not enabled by default on client versions of Windows
#
# If you would like to submit a bug report, please visit:
#   http://www.azulsystems.com/support/
#

---------------  T H R E A D  ---------------

Current thread (0x00000000184c8000):  VMThread [stack: 0x000000001a1a0000,0x000000001a2a0000] [id=14188]

Stack: [0x000000001a1a0000,0x000000001a2a0000]
[error occurred during error reporting (printing stack bounds), id 0xc0000005]

Native frames: (J=compiled Java code, j=interpreted, Vv=VM code, C=native code)

VM_Operation (0x000000001ab9f550): GetOrSetLocal, mode: safepoint, requested by thread 0x000000001a333800


---------------  P R O C E S S  ---------------

Java Threads: ( => current thread )
  0x000000001a3d8800 JavaThread "Service Thread" daemon [_thread_blocked, id=6828, stack(0x000000001b1a0000,0x000000001b2a0000)]
  0x000000001a49a800 JavaThread "C1 CompilerThread3" daemon [_thread_blocked, id=15676, stack(0x000000001b0a0000,0x000000001b1a0000)]
  0x000000001a499800 JavaThread "C2 CompilerThread2" daemon [_thread_blocked, id=7776, stack(0x000000001afa0000,0x000000001b0a0000)]
  0x000000001a415000 JavaThread "C2 CompilerThread1" daemon [_thread_blocked, id=10380, stack(0x000000001aea0000,0x000000001afa0000)]
  0x000000001a3c9800 JavaThread "C2 CompilerThread0" daemon [_thread_blocked, id=16132, stack(0x000000001ada0000,0x000000001aea0000)]
  0x000000001a346000 JavaThread "JDWP Command Reader" daemon [_thread_in_native, id=13732, stack(0x000000001aca0000,0x000000001ada0000)]
  0x000000001a340800 JavaThread "JDWP Event Helper Thread" daemon [_thread_blocked, id=15572, stack(0x000000001aba0000,0x000000001aca0000)]
  0x000000001a333800 JavaThread "JDWP Transport Listener: dt_socket" daemon [_thread_blocked, id=15340, stack(0x000000001aaa0000,0x000000001aba0000)]
  0x000000001a32f000 JavaThread "Attach Listener" daemon [_thread_blocked, id=17956, stack(0x000000001a9a0000,0x000000001aaa0000)]
  0x000000001a2dd000 JavaThread "Signal Dispatcher" daemon [_thread_blocked, id=16976, stack(0x000000001a8a0000,0x000000001a9a0000)]
  0x00000000184d1000 JavaThread "Finalizer" daemon [_thread_blocked, id=16316, stack(0x000000001a7a0000,0x000000001a8a0000)]
  0x00000000184ca800 JavaThread "Reference Handler" daemon [_thread_blocked, id=15500, stack(0x000000001a6a0000,0x000000001a7a0000)]
  0x0000000003532800 JavaThread "main" [_thread_blocked, id=11120, stack(0x0000000003210000,0x0000000003310000)]

Other Threads:
=>0x00000000184c8000 VMThread [stack: 0x000000001a1a0000,0x000000001a2a0000] [id=14188]
  0x000000001a48e800 WatcherThread [stack: 0x000000001b2a0000,0x000000001b3a0000] [id=18444]

VM state:at safepoint (normal execution)

VM Mutex/Monitor currently owned by a thread:  ([mutex/lock_event])
[0x000000000338d590] Threads_lock - owner thread: 0x00000000184c8000

heap address: 0x0000000083200000, size: 1998 MB, Compressed Oops mode: 32-bit
Narrow klass base: 0x0000000000000000, Narrow klass shift: 3
Compressed class space size: 1073741824 Address: 0x0000000100000000

Heap:
 PSYoungGen      total 37888K, used 6597K [0x00000000d6600000, 0x00000000d9000000, 0x0000000100000000)
  eden space 32768K, 20% used [0x00000000d6600000,0x00000000d6c715c8,0x00000000d8600000)
  from space 5120K, 0% used [0x00000000d8b00000,0x00000000d8b00000,0x00000000d9000000)
  to   space 5120K, 0% used [0x00000000d8600000,0x00000000d8600000,0x00000000d8b00000)
 ParOldGen       total 86016K, used 0K [0x0000000083200000, 0x0000000088600000, 0x00000000d6600000)
  object space 86016K, 0% used [0x0000000083200000,0x0000000083200000,0x0000000088600000)
 Metaspace       used 4880K, capacity 4978K, committed 5248K, reserved 1056768K
  class space    used 496K, capacity 529K, committed 640K, reserved 1048576K

Card table byte_map: [0x00000000129f0000,0x0000000012de0000] byte_map_base: 0x00000000125d7000

Marking Bits: (ParMarkBitMap*) 0x000000005e01cf50
 Begin Bits: [0x0000000013880000, 0x00000000157b8000)
 End Bits:   [0x00000000157b8000, 0x00000000176f0000)

Polling page: 0x0000000001160000

CodeCache: size=245760Kb used=1345Kb max_used=1345Kb free=244414Kb
 bounds [0x0000000003630000, 0x00000000038a0000, 0x0000000012630000]
 total_blobs=402 nmethods=119 adapters=205
 compilation: enabled

Compilation events (10 events):
Event: 406.546 Thread 0x000000001a49a800  119       3       org.eclipse.jdt.launching.internal.org.objectweb.asm.Label::resolve (219 bytes)
Event: 406.547 Thread 0x000000001a49a800 nmethod 119 0x000000000377cd10 code [0x000000000377cec0, 0x000000000377d430]
Event: 406.547 Thread 0x000000001a49a800  114       3       org.eclipse.jdt.launching.internal.org.objectweb.asm.MethodWriter::visitVarInsn (302 bytes)
Event: 406.549 Thread 0x000000001a49a800 nmethod 114 0x000000000377bbd0 code [0x000000000377bde0, 0x000000000377c988]
Event: 406.549 Thread 0x000000001a49a800  117       3       org.eclipse.jdt.launching.internal.org.objectweb.asm.ByteVector::put11 (52 bytes)
Event: 406.550 Thread 0x000000001a49a800 nmethod 117 0x000000000377ef90 code [0x000000000377f100, 0x000000000377f368]
Event: 406.550 Thread 0x000000001a49a800  118       3       org.eclipse.jdt.launching.internal.org.objectweb.asm.MethodWriter::visitLabel (328 bytes)
Event: 406.553 Thread 0x000000001a49a800 nmethod 118 0x000000000377f510 code [0x000000000377f700, 0x0000000003780218]
Event: 406.553 Thread 0x000000001a49a800  116       3       org.eclipse.jdt.launching.internal.org.objectweb.asm.ClassReader::createLabel (21 bytes)
Event: 406.555 Thread 0x000000001a49a800 nmethod 116 0x0000000003780610 code [0x00000000037807a0, 0x0000000003780c50]

GC Heap History (0 events):
No events

Deoptimization events (0 events):
No events

Classes redefined (2 events):
Event: 276.973 Thread 0x00000000184c8000 redefined class name=BOJ.BOJ_2239_Ïä§ÎèÑÏø†, count=1
Event: 406.546 Thread 0x00000000184c8000 redefined class name=BOJ.BOJ_2239_Ïä§ÎèÑÏø†, count=2

Internal exceptions (2 events):
Event: 0.052 Thread 0x0000000003532800 Exception <a 'java/lang/NoSuchMethodError': Method sun.misc.Unsafe.defineClass(Ljava/lang/String;[BII)Ljava/lang/Class; name or signature does not match> (0x00000000d6607cb0) thrown at [C:\jenkins\workspace\zulu8-silver-build-win64\zulu-src\hotspot\src\sh
Event: 0.052 Thread 0x0000000003532800 Exception <a 'java/lang/NoSuchMethodError': Method sun.misc.Unsafe.prefetchRead(Ljava/lang/Object;J)V name or signature does not match> (0x00000000d6607f98) thrown at [C:\jenkins\workspace\zulu8-silver-build-win64\zulu-src\hotspot\src\share\vm\prims\jni.c

Events (10 events):
Event: 406.582 Executing VM operation: GetCurrentContendedMonitor done
Event: 406.583 Executing VM operation: GetOwnedMonitorInfo
Event: 406.583 Executing VM operation: GetOwnedMonitorInfo done
Event: 406.584 Executing VM operation: GetCurrentContendedMonitor
Event: 406.584 Executing VM operation: GetCurrentContendedMonitor done
Event: 406.586 Executing VM operation: GetCurrentContendedMonitor
Event: 406.586 Executing VM operation: GetCurrentContendedMonitor done
Event: 406.587 Executing VM operation: GetOwnedMonitorInfo
Event: 406.587 Executing VM operation: GetOwnedMonitorInfo done
Event: 407.106 Executing VM operation: GetOrSetLocal


Dynamic libraries:
0x00007ff627680000 - 0x00007ff6276b5000 	C:\Program Files\Zulu\zulu-8\bin\javaw.exe
0x00007ff85d7d0000 - 0x00007ff85d9c8000 	C:\WINDOWS\SYSTEM32\ntdll.dll
0x00007ff85caa0000 - 0x00007ff85cb5d000 	C:\WINDOWS\System32\KERNEL32.DLL
0x00007ff85b2a0000 - 0x00007ff85b56e000 	C:\WINDOWS\System32\KERNELBASE.dll
0x00007ff85b830000 - 0x00007ff85b8de000 	C:\WINDOWS\System32\ADVAPI32.dll
0x00007ff85c920000 - 0x00007ff85c9be000 	C:\WINDOWS\System32\msvcrt.dll
0x00007ff85c0f0000 - 0x00007ff85c18c000 	C:\WINDOWS\System32\sechost.dll
0x00007ff85bcf0000 - 0x00007ff85be15000 	C:\WINDOWS\System32\RPCRT4.dll
0x00007ff85bf50000 - 0x00007ff85c0f0000 	C:\WINDOWS\System32\USER32.dll
0x00007ff85b0e0000 - 0x00007ff85b102000 	C:\WINDOWS\System32\win32u.dll
0x00007ff85c790000 - 0x00007ff85c7ba000 	C:\WINDOWS\System32\GDI32.dll
0x00007ff85b620000 - 0x00007ff85b72b000 	C:\WINDOWS\System32\gdi32full.dll
0x00007ff85b160000 - 0x00007ff85b1fd000 	C:\WINDOWS\System32\msvcp_win.dll
0x00007ff85b730000 - 0x00007ff85b830000 	C:\WINDOWS\System32\ucrtbase.dll
0x00007ff848d70000 - 0x00007ff84900a000 	C:\WINDOWS\WinSxS\amd64_microsoft.windows.common-controls_6595b64144ccf1df_6.0.19041.1110_none_60b5254171f9507e\COMCTL32.dll
0x00007ff85c270000 - 0x00007ff85c2a0000 	C:\WINDOWS\System32\IMM32.DLL
0x000000005e0a0000 - 0x000000005e172000 	C:\Program Files\Zulu\zulu-8\jre\bin\msvcr100.dll
0x000000005d850000 - 0x000000005e09a000 	C:\Program Files\Zulu\zulu-8\jre\bin\server\jvm.dll
0x00007ff85cb60000 - 0x00007ff85cb68000 	C:\WINDOWS\System32\PSAPI.DLL
0x00007ffff31c0000 - 0x00007ffff31c9000 	C:\WINDOWS\SYSTEM32\WSOCK32.dll
0x00007ff84fdd0000 - 0x00007ff84fdf7000 	C:\WINDOWS\SYSTEM32\WINMM.dll
0x00007ff852e10000 - 0x00007ff852e1a000 	C:\WINDOWS\SYSTEM32\VERSION.dll
0x00007ff85c720000 - 0x00007ff85c78b000 	C:\WINDOWS\System32\WS2_32.dll
0x00007ff856030000 - 0x00007ff85603f000 	C:\Program Files\Zulu\zulu-8\jre\bin\verify.dll
0x00007ff83ad20000 - 0x00007ff83ad49000 	C:\Program Files\Zulu\zulu-8\jre\bin\java.dll
0x00007ff845c90000 - 0x00007ff845cc5000 	C:\Program Files\Zulu\zulu-8\jre\bin\jdwp.dll
0x00007ff856320000 - 0x00007ff856328000 	C:\Program Files\Zulu\zulu-8\jre\bin\npt.dll
0x00007ff845c60000 - 0x00007ff845c83000 	C:\Program Files\Zulu\zulu-8\jre\bin\instrument.dll
0x00007ff854590000 - 0x00007ff8545a6000 	C:\Program Files\Zulu\zulu-8\jre\bin\zip.dll
0x00007ff85cb70000 - 0x00007ff85d2b3000 	C:\WINDOWS\System32\SHELL32.dll
0x00007ff858a10000 - 0x00007ff8591a5000 	C:\WINDOWS\SYSTEM32\windows.storage.dll
0x00007ff85d320000 - 0x00007ff85d674000 	C:\WINDOWS\System32\combase.dll
0x00007ff85a880000 - 0x00007ff85a8b0000 	C:\WINDOWS\SYSTEM32\Wldp.dll
0x00007ff85d680000 - 0x00007ff85d72d000 	C:\WINDOWS\System32\SHCORE.dll
0x00007ff85d2c0000 - 0x00007ff85d315000 	C:\WINDOWS\System32\shlwapi.dll
0x00007ff85ae30000 - 0x00007ff85ae4f000 	C:\WINDOWS\SYSTEM32\profapi.dll
0x00007ff84c680000 - 0x00007ff84c689000 	C:\Program Files\Zulu\zulu-8\jre\bin\dt_socket.dll
0x00007ff83db00000 - 0x00007ff83db17000 	C:\WINDOWS\system32\napinsp.dll
0x00007ff83dae0000 - 0x00007ff83dafb000 	C:\WINDOWS\system32\pnrpnsp.dll
0x00007ff83dac0000 - 0x00007ff83dad5000 	C:\WINDOWS\system32\wshbth.dll
0x00007ff853ff0000 - 0x00007ff85400d000 	C:\WINDOWS\system32\NLAapi.dll
0x00007ff85a2d0000 - 0x00007ff85a30b000 	C:\WINDOWS\SYSTEM32\IPHLPAPI.DLL
0x00007ff85a5e0000 - 0x00007ff85a64a000 	C:\WINDOWS\System32\mswsock.dll
0x00007ff85a310000 - 0x00007ff85a3da000 	C:\WINDOWS\SYSTEM32\DNSAPI.dll
0x00007ff85c710000 - 0x00007ff85c718000 	C:\WINDOWS\System32\NSI.dll
0x00007ff83daa0000 - 0x00007ff83dab2000 	C:\WINDOWS\System32\winrnr.dll
0x00007ff8510c0000 - 0x00007ff851140000 	C:\WINDOWS\System32\fwpuclnt.dll
0x00007ff85b200000 - 0x00007ff85b227000 	C:\WINDOWS\System32\bcrypt.dll
0x00007ff851940000 - 0x00007ff85194a000 	C:\Windows\System32\rasadhlp.dll

VM Arguments:
jvm_args: -agentlib:jdwp=transport=dt_socket,suspend=y,address=localhost:64030 -javaagent:D:\ssafy\eclipse\algorithm_study\configuration\org.eclipse.osgi\419\0\.cp\lib\javaagent-shaded.jar -Dfile.encoding=UTF-8 
java_command: BOJ.BOJ_2239_Ω∫µµƒÌ
java_class_path (initial): D:\ssafy\workspace\algorithm_study\algorithm_study_java\bin;D:\ssafy\eclipse\algorithm_study\configuration\org.eclipse.osgi\419\0\.cp\lib\javaagent-shaded.jar
Launcher Type: SUN_STANDARD

Environment Variables:
JAVA_HOME=C:\Program Files\Zulu\zulu-8
CLASSPATH=.
PATH=C:\Program Files\Zulu\zulu-8\jre\bin;C:\WINDOWS\system32;C:\WINDOWS;C:\WINDOWS\System32\Wbem;C:\WINDOWS\System32\WindowsPowerShell\v1.0\;C:\WINDOWS\System32\OpenSSH\;C:\Program Files\Bandizip\;C:\Program Files\Zulu\zulu-8\bin\;C:\Program Files\Git\cmd;C:\Program Files\MySQL\MySQL Shell 8.0\bin\;C:\Users\abcdq\AppData\Local\Microsoft\WindowsApps;C:\Users\abcdq\AppData\Local\Programs\Microsoft VS Code\bin
USERNAME=abcdq
OS=Windows_NT
PROCESSOR_IDENTIFIER=Intel64 Family 6 Model 142 Stepping 11, GenuineIntel



---------------  S Y S T E M  ---------------

OS: Windows 10.0 , 64 bit Build 19041 (10.0.19041.1889)

CPU:total 8 (initial active 8) (4 cores per cpu, 2 threads per core) family 6 model 142 stepping 11, cmov, cx8, fxsr, mmx, sse, sse2, sse3, ssse3, sse4.1, sse4.2, popcnt, avx, avx2, aes, clmul, erms, 3dnowpref, lzcnt, ht, tsc, tscinvbit, bmi1, bmi2, adx

Memory: 4k page, physical 8177696k(1625276k free), swap 17090592k(5226524k free)

vm_info: OpenJDK 64-Bit Server VM (25.192-b01) for windows-amd64 JRE (1.8.0_192-b01), built on Oct 17 2018 09:53:48 by "tester" with MS VC++ 10.0 (VS2010)

time: Tue Oct 04 21:34:41 2022
timezone: ¥Î«—πŒ±π «•¡ÿΩ√
elapsed time: 407 seconds (0d 0h 6m 47s)

